2025-11-16T19:04:53.658+05:30  INFO 13026 --- [certx] [restartedMain] io.github.thirumalx.CertxApplication     : Starting CertxApplication using Java 25 with PID 13026 (/Users/thirumal/git/certx/target/classes started by thirumal in /Users/thirumal/git/certx)
2025-11-16T19:04:53.660+05:30 DEBUG 13026 --- [certx] [restartedMain] io.github.thirumalx.CertxApplication     : Running with Spring Boot v4.0.0-SNAPSHOT, Spring v7.0.0
2025-11-16T19:04:53.661+05:30  INFO 13026 --- [certx] [restartedMain] io.github.thirumalx.CertxApplication     : The following 1 profile is active: "dev"
2025-11-16T19:04:53.705+05:30  INFO 13026 --- [certx] [restartedMain] .e.DevToolsPropertyDefaultsPostProcessor : Devtools property defaults active! Set 'spring.devtools.add-properties' to 'false' to disable
2025-11-16T19:04:53.705+05:30  INFO 13026 --- [certx] [restartedMain] .e.DevToolsPropertyDefaultsPostProcessor : For additional web related logging consider setting the 'logging.level.web' property to 'DEBUG'
2025-11-16T19:04:54.377+05:30  INFO 13026 --- [certx] [restartedMain] o.s.boot.tomcat.TomcatWebServer          : Tomcat initialized with port 8080 (http)
2025-11-16T19:04:54.385+05:30  INFO 13026 --- [certx] [restartedMain] o.apache.catalina.core.StandardService   : Starting service [Tomcat]
2025-11-16T19:04:54.385+05:30  INFO 13026 --- [certx] [restartedMain] o.apache.catalina.core.StandardEngine    : Starting Servlet engine: [Apache Tomcat/11.0.14]
2025-11-16T19:04:54.404+05:30  INFO 13026 --- [certx] [restartedMain] b.w.c.s.WebApplicationContextInitializer : Root WebApplicationContext: initialization completed in 698 ms
2025-11-16T19:04:54.845+05:30  INFO 13026 --- [certx] [restartedMain] o.s.b.a.e.web.EndpointLinksResolver      : Exposing 1 endpoint beneath base path '/actuator'
2025-11-16T19:04:54.895+05:30  INFO 13026 --- [certx] [restartedMain] o.s.boot.tomcat.TomcatWebServer          : Tomcat started on port 8080 (http) with context path '/'
2025-11-16T19:04:54.902+05:30  INFO 13026 --- [certx] [restartedMain] io.github.thirumalx.CertxApplication     : Started CertxApplication in 1.563 seconds (process running for 2.149)
2025-11-16T19:04:56.640+05:30  INFO 13026 --- [certx] [RMI TCP Connection(2)-127.0.0.1] o.a.c.c.C.[Tomcat].[localhost].[/]       : Initializing Spring DispatcherServlet 'dispatcherServlet'
2025-11-16T19:04:56.640+05:30  INFO 13026 --- [certx] [RMI TCP Connection(2)-127.0.0.1] o.s.web.servlet.DispatcherServlet        : Initializing Servlet 'dispatcherServlet'
2025-11-16T19:04:56.641+05:30  INFO 13026 --- [certx] [RMI TCP Connection(2)-127.0.0.1] o.s.web.servlet.DispatcherServlet        : Completed initialization in 1 ms
2025-11-16T19:05:31.920+05:30  INFO 13026 --- [certx] [http-nio-8080-exec-3] com.zaxxer.hikari.HikariDataSource       : HikariPool-1 - Starting...
2025-11-16T19:05:32.058+05:30  INFO 13026 --- [certx] [http-nio-8080-exec-3] com.zaxxer.hikari.pool.HikariPool        : HikariPool-1 - Added connection org.postgresql.jdbc.PgConnection@4a52793
2025-11-16T19:05:32.061+05:30  INFO 13026 --- [certx] [http-nio-8080-exec-3] com.zaxxer.hikari.HikariDataSource       : HikariPool-1 - Start completed.
2025-11-16T19:06:22.019+05:30  INFO 13026 --- [certx] [File Watcher] rtingClassPathChangeChangedEventListener : Restarting due to 3 class path changes (0 additions, 2 deletions, 1 modification)
2025-11-16T19:06:22.047+05:30  INFO 13026 --- [certx] [Thread-1] o.s.boot.tomcat.GracefulShutdown         : Commencing graceful shutdown. Waiting for active requests to complete
2025-11-16T19:06:22.087+05:30  INFO 13026 --- [certx] [tomcat-shutdown] o.s.boot.tomcat.GracefulShutdown         : Graceful shutdown complete
2025-11-16T19:06:22.121+05:30  INFO 13026 --- [certx] [Thread-1] com.zaxxer.hikari.HikariDataSource       : HikariPool-1 - Shutdown initiated...
2025-11-16T19:06:22.136+05:30  INFO 13026 --- [certx] [Thread-1] com.zaxxer.hikari.HikariDataSource       : HikariPool-1 - Shutdown completed.
2025-11-16T19:06:22.292+05:30  INFO 13026 --- [certx] [restartedMain] io.github.thirumalx.CertxApplication     : Starting CertxApplication using Java 25 with PID 13026 (/Users/thirumal/git/certx/target/classes started by thirumal in /Users/thirumal/git/certx)
2025-11-16T19:06:22.293+05:30 DEBUG 13026 --- [certx] [restartedMain] io.github.thirumalx.CertxApplication     : Running with Spring Boot v4.0.0-SNAPSHOT, Spring v7.0.0
2025-11-16T19:06:22.293+05:30  INFO 13026 --- [certx] [restartedMain] io.github.thirumalx.CertxApplication     : The following 1 profile is active: "dev"
2025-11-16T19:06:22.694+05:30  INFO 13026 --- [certx] [restartedMain] o.s.boot.tomcat.TomcatWebServer          : Tomcat initialized with port 8080 (http)
2025-11-16T19:06:22.695+05:30  INFO 13026 --- [certx] [restartedMain] o.apache.catalina.core.StandardService   : Starting service [Tomcat]
2025-11-16T19:06:22.695+05:30  INFO 13026 --- [certx] [restartedMain] o.apache.catalina.core.StandardEngine    : Starting Servlet engine: [Apache Tomcat/11.0.14]
2025-11-16T19:06:22.703+05:30  INFO 13026 --- [certx] [restartedMain] b.w.c.s.WebApplicationContextInitializer : Root WebApplicationContext: initialization completed in 403 ms
2025-11-16T19:06:22.835+05:30  INFO 13026 --- [certx] [restartedMain] o.s.b.a.e.web.EndpointLinksResolver      : Exposing 1 endpoint beneath base path '/actuator'
2025-11-16T19:06:22.850+05:30  INFO 13026 --- [certx] [restartedMain] o.s.boot.tomcat.TomcatWebServer          : Tomcat started on port 8080 (http) with context path '/'
2025-11-16T19:06:22.853+05:30  INFO 13026 --- [certx] [restartedMain] io.github.thirumalx.CertxApplication     : Started CertxApplication in 0.612 seconds (process running for 90.09)
2025-11-16T19:06:22.855+05:30  INFO 13026 --- [certx] [restartedMain] .ConditionEvaluationDeltaLoggingListener : Condition evaluation unchanged
2025-11-16T19:06:24.234+05:30  INFO 13026 --- [certx] [File Watcher] rtingClassPathChangeChangedEventListener : Restarting due to 2 class path changes (2 additions, 0 deletions, 0 modifications)
2025-11-16T19:06:24.246+05:30  INFO 13026 --- [certx] [Thread-5] o.s.boot.tomcat.GracefulShutdown         : Commencing graceful shutdown. Waiting for active requests to complete
2025-11-16T19:06:24.252+05:30  INFO 13026 --- [certx] [tomcat-shutdown] o.s.boot.tomcat.GracefulShutdown         : Graceful shutdown complete
2025-11-16T19:06:24.325+05:30  INFO 13026 --- [certx] [restartedMain] io.github.thirumalx.CertxApplication     : Starting CertxApplication using Java 25 with PID 13026 (/Users/thirumal/git/certx/target/classes started by thirumal in /Users/thirumal/git/certx)
2025-11-16T19:06:24.326+05:30 DEBUG 13026 --- [certx] [restartedMain] io.github.thirumalx.CertxApplication     : Running with Spring Boot v4.0.0-SNAPSHOT, Spring v7.0.0
2025-11-16T19:06:24.326+05:30  INFO 13026 --- [certx] [restartedMain] io.github.thirumalx.CertxApplication     : The following 1 profile is active: "dev"
2025-11-16T19:06:24.439+05:30  INFO 13026 --- [certx] [restartedMain] o.s.boot.tomcat.TomcatWebServer          : Tomcat initialized with port 8080 (http)
2025-11-16T19:06:24.440+05:30  INFO 13026 --- [certx] [restartedMain] o.apache.catalina.core.StandardService   : Starting service [Tomcat]
2025-11-16T19:06:24.440+05:30  INFO 13026 --- [certx] [restartedMain] o.apache.catalina.core.StandardEngine    : Starting Servlet engine: [Apache Tomcat/11.0.14]
2025-11-16T19:06:24.444+05:30  INFO 13026 --- [certx] [restartedMain] b.w.c.s.WebApplicationContextInitializer : Root WebApplicationContext: initialization completed in 116 ms
2025-11-16T19:06:24.514+05:30  INFO 13026 --- [certx] [restartedMain] o.s.b.a.e.web.EndpointLinksResolver      : Exposing 1 endpoint beneath base path '/actuator'
2025-11-16T19:06:24.554+05:30  INFO 13026 --- [certx] [restartedMain] o.s.boot.tomcat.TomcatWebServer          : Tomcat started on port 8080 (http) with context path '/'
2025-11-16T19:06:24.560+05:30  INFO 13026 --- [certx] [restartedMain] io.github.thirumalx.CertxApplication     : Started CertxApplication in 0.253 seconds (process running for 91.797)
2025-11-16T19:06:24.562+05:30  INFO 13026 --- [certx] [restartedMain] .ConditionEvaluationDeltaLoggingListener : Condition evaluation unchanged
2025-11-16T19:06:30.976+05:30  INFO 13026 --- [certx] [File Watcher] rtingClassPathChangeChangedEventListener : Restarting due to 3 class path changes (0 additions, 2 deletions, 1 modification)
2025-11-16T19:06:30.984+05:30  INFO 13026 --- [certx] [Thread-9] o.s.boot.tomcat.GracefulShutdown         : Commencing graceful shutdown. Waiting for active requests to complete
2025-11-16T19:06:30.989+05:30  INFO 13026 --- [certx] [tomcat-shutdown] o.s.boot.tomcat.GracefulShutdown         : Graceful shutdown complete
2025-11-16T19:11:46.824+05:30  INFO 16416 --- [certx] [restartedMain] io.github.thirumalx.CertxApplication     : Starting CertxApplication using Java 25 with PID 16416 (/Users/thirumal/git/certx/target/classes started by thirumal in /Users/thirumal/git/certx)
2025-11-16T19:11:46.826+05:30 DEBUG 16416 --- [certx] [restartedMain] io.github.thirumalx.CertxApplication     : Running with Spring Boot v4.0.0-SNAPSHOT, Spring v7.0.0
2025-11-16T19:11:46.826+05:30  INFO 16416 --- [certx] [restartedMain] io.github.thirumalx.CertxApplication     : The following 1 profile is active: "dev"
2025-11-16T19:11:46.858+05:30  INFO 16416 --- [certx] [restartedMain] .e.DevToolsPropertyDefaultsPostProcessor : Devtools property defaults active! Set 'spring.devtools.add-properties' to 'false' to disable
2025-11-16T19:11:46.859+05:30  INFO 16416 --- [certx] [restartedMain] .e.DevToolsPropertyDefaultsPostProcessor : For additional web related logging consider setting the 'logging.level.web' property to 'DEBUG'
2025-11-16T19:11:47.605+05:30  INFO 16416 --- [certx] [restartedMain] o.s.boot.tomcat.TomcatWebServer          : Tomcat initialized with port 8080 (http)
2025-11-16T19:11:47.613+05:30  INFO 16416 --- [certx] [restartedMain] o.apache.catalina.core.StandardService   : Starting service [Tomcat]
2025-11-16T19:11:47.613+05:30  INFO 16416 --- [certx] [restartedMain] o.apache.catalina.core.StandardEngine    : Starting Servlet engine: [Apache Tomcat/11.0.14]
2025-11-16T19:11:47.635+05:30  INFO 16416 --- [certx] [restartedMain] b.w.c.s.WebApplicationContextInitializer : Root WebApplicationContext: initialization completed in 776 ms
2025-11-16T19:11:48.010+05:30  WARN 16416 --- [certx] [restartedMain] ConfigServletWebServerApplicationContext : Exception encountered during context initialization - cancelling refresh attempt: org.springframework.beans.factory.BeanCreationException: Error creating bean with name 'jmxMBeanExporter' defined in class path resource [org/springframework/boot/actuate/autoconfigure/endpoint/jmx/JmxEndpointAutoConfiguration$JmxJacksonEndpointConfiguration.class]: Failed to instantiate [org.springframework.boot.actuate.endpoint.jmx.JmxEndpointExporter]: Factory method 'jmxMBeanExporter' threw exception with message: Error creating bean with name 'healthEndpoint' defined in class path resource [org/springframework/boot/health/autoconfigure/actuate/endpoint/HealthEndpointConfiguration.class]: Unsatisfied dependency expressed through method 'healthEndpoint' parameter 0: Error creating bean with name 'healthContributorRegistry' defined in class path resource [org/springframework/boot/health/autoconfigure/registry/HealthContributorRegistryAutoConfiguration.class]: Unsatisfied dependency expressed through method 'healthContributorRegistry' parameter 0: Error creating bean with name 'dbHealthContributor' defined in class path resource [org/springframework/boot/jdbc/autoconfigure/health/DataSourceHealthContributorAutoConfiguration.class]: Failed to instantiate [org.springframework.boot.health.contributor.HealthContributor]: Factory method 'dbHealthContributor' threw exception with message: Error creating bean with name 'dataSource' defined in class path resource [org/springframework/boot/jdbc/autoconfigure/DataSourceConfiguration$Hikari.class]: Failed to instantiate [com.zaxxer.hikari.HikariDataSource]: Factory method 'dataSource' threw exception with message: Failed to determine a suitable driver class
2025-11-16T19:11:48.013+05:30  INFO 16416 --- [certx] [restartedMain] o.apache.catalina.core.StandardService   : Stopping service [Tomcat]
2025-11-16T19:11:48.025+05:30  INFO 16416 --- [certx] [restartedMain] .s.b.a.l.ConditionEvaluationReportLogger : 

Error starting ApplicationContext. To display the condition evaluation report re-run your application with 'debug' enabled.
2025-11-16T19:11:48.034+05:30 ERROR 16416 --- [certx] [restartedMain] o.s.b.d.LoggingFailureAnalysisReporter   : 

***************************
APPLICATION FAILED TO START
***************************

Description:

Failed to configure a DataSource: 'url' attribute is not specified and no embedded datasource could be configured.

Reason: Failed to determine a suitable driver class


Action:

Consider the following:
	If you want an embedded database (H2, HSQL or Derby), please put it on the classpath.
	If you have database settings to be loaded from a particular profile you may need to activate it (the profiles dev are currently active).

2025-11-16T19:13:03.463+05:30  INFO 17017 --- [certx] [restartedMain] io.github.thirumalx.CertxApplication     : Starting CertxApplication using Java 25 with PID 17017 (/Users/thirumal/git/certx/target/classes started by thirumal in /Users/thirumal/git/certx)
2025-11-16T19:13:03.465+05:30 DEBUG 17017 --- [certx] [restartedMain] io.github.thirumalx.CertxApplication     : Running with Spring Boot v4.0.0-SNAPSHOT, Spring v7.0.0
2025-11-16T19:13:03.466+05:30  INFO 17017 --- [certx] [restartedMain] io.github.thirumalx.CertxApplication     : The following 1 profile is active: "dev"
2025-11-16T19:13:03.492+05:30  INFO 17017 --- [certx] [restartedMain] .e.DevToolsPropertyDefaultsPostProcessor : Devtools property defaults active! Set 'spring.devtools.add-properties' to 'false' to disable
2025-11-16T19:13:03.492+05:30  INFO 17017 --- [certx] [restartedMain] .e.DevToolsPropertyDefaultsPostProcessor : For additional web related logging consider setting the 'logging.level.web' property to 'DEBUG'
2025-11-16T19:13:04.321+05:30  INFO 17017 --- [certx] [restartedMain] o.s.boot.tomcat.TomcatWebServer          : Tomcat initialized with port 8080 (http)
2025-11-16T19:13:04.329+05:30  INFO 17017 --- [certx] [restartedMain] o.apache.catalina.core.StandardService   : Starting service [Tomcat]
2025-11-16T19:13:04.331+05:30  INFO 17017 --- [certx] [restartedMain] o.apache.catalina.core.StandardEngine    : Starting Servlet engine: [Apache Tomcat/11.0.14]
2025-11-16T19:13:04.353+05:30  INFO 17017 --- [certx] [restartedMain] b.w.c.s.WebApplicationContextInitializer : Root WebApplicationContext: initialization completed in 861 ms
2025-11-16T19:13:04.776+05:30  INFO 17017 --- [certx] [restartedMain] o.s.b.a.e.web.EndpointLinksResolver      : Exposing 1 endpoint beneath base path '/actuator'
2025-11-16T19:13:04.822+05:30  INFO 17017 --- [certx] [restartedMain] o.s.boot.tomcat.TomcatWebServer          : Tomcat started on port 8080 (http) with context path '/'
2025-11-16T19:13:04.829+05:30  INFO 17017 --- [certx] [restartedMain] io.github.thirumalx.CertxApplication     : Started CertxApplication in 1.621 seconds (process running for 2.174)
2025-11-16T19:13:04.833+05:30  WARN 17017 --- [certx] [restartedMain] o.s.core.events.SpringDocAppInitializer  : SpringDoc /v3/api-docs endpoint is enabled by default. To disable it in production, set the property 'springdoc.api-docs.enabled=false'
2025-11-16T19:13:04.834+05:30  WARN 17017 --- [certx] [restartedMain] o.s.core.events.SpringDocAppInitializer  : SpringDoc /swagger-ui.html endpoint is enabled by default. To disable it in production, set the property 'springdoc.swagger-ui.enabled=false'
2025-11-16T19:13:06.603+05:30  INFO 17017 --- [certx] [RMI TCP Connection(2)-127.0.0.1] o.a.c.c.C.[Tomcat].[localhost].[/]       : Initializing Spring DispatcherServlet 'dispatcherServlet'
2025-11-16T19:13:06.603+05:30  INFO 17017 --- [certx] [RMI TCP Connection(2)-127.0.0.1] o.s.web.servlet.DispatcherServlet        : Initializing Servlet 'dispatcherServlet'
2025-11-16T19:13:06.604+05:30  INFO 17017 --- [certx] [RMI TCP Connection(2)-127.0.0.1] o.s.web.servlet.DispatcherServlet        : Completed initialization in 1 ms
2025-11-16T19:13:24.016+05:30  INFO 17017 --- [certx] [http-nio-8080-exec-9] o.springdoc.api.AbstractOpenApiResource  : Init duration for springdoc-openapi is: 126 ms
